[0m[[0m[0mdebug[0m] [0m[0m> Exec(;reload; set _root_.org.jetbrains.sbt.StructureKeys.sbtStructureOptions in Global := "download resolveClassifiers" ;preferScala2;*/*:dumpStructureTo /private/var/folders/s_/vl0kcxt15bgb9vp1znq2l3xm0000gn/T/sbt-structure.xml; session clear-all ; set ideaPort in Global := 62143, None, None)[0m
[0m[[0m[0mdebug[0m] [0m[0m> Exec(reload, None, None)[0m
[0m[[0m[0mdebug[0m] [0m[0m> Exec(sbtStashOnFailure, None, None)[0m
[0m[[0m[0mdebug[0m] [0m[0m> Exec(onFailure loadFailed, None, None)[0m
[0m[[0m[0mdebug[0m] [0m[0m> Exec(loadp, None, None)[0m
[0m[[0m[0minfo[0m] [0m[0mwelcome to sbt 1.8.0 (AdoptOpenJDK Java 11.0.11)[0m
[0m[[0m[0mdebug[0m] [0m[0m      Load.loadUnit: plugins took 23.216458ms[0m
[0m[[0m[0mdebug[0m] [0m[0m      Load.loadUnit: defsScala took 0.001834ms[0m
[0m[[0m[0mdebug[0m] [0m[0m[Loading] Scanning directory /Users/tolgatuna/.sbt/1.0/plugins[0m
[0m[[0m[0mdebug[0m] [0m[0m[Loading] Found non-root projects [0m
[0m[[0m[0mdebug[0m] [0m[0m[Loading] Done in /Users/tolgatuna/.sbt/1.0/plugins, returning: ()[0m
[0m[[0m[0mdebug[0m] [0m[0mdeducing auto plugins based on known facts Set(Atom(sbt.plugins.CorePlugin)) and clauses Clauses(Clause(Atom(sbt.plugins.JvmPlugin),Set(Atom(sbt.plugins.IvyPlugin)))[0m
[0m[[0m[0mdebug[0m] [0m[0mClause(Atom(sbt.ScriptedPlugin),Set(Atom(sbt.plugins.JvmPlugin)))[0m
[0m[[0m[0mdebug[0m] [0m[0mClause(Atom(sbt.plugins.SbtPlugin),Set(Atom(sbt.ScriptedPlugin)))[0m
[0m[[0m[0mdebug[0m] [0m[0mClause(Atom(sbt.plugins.SemanticdbPlugin),Set(Atom(sbt.plugins.JvmPlugin)))[0m
[0m[[0m[0mdebug[0m] [0m[0mClause(Atom(sbt.plugins.JUnitXmlReportPlugin),Set(Atom(sbt.plugins.JvmPlugin)))[0m
[0m[[0m[0mdebug[0m] [0m[0mClause(Atom(sbt.plugins.MiniDependencyTreePlugin),Set(Atom(sbt.plugins.JvmPlugin)))[0m
[0m[[0m[0mdebug[0m] [0m[0mClause(Atom(sbt.plugins.CorePlugin),Set(Atom(sbt.plugins.IvyPlugin)))[0m
[0m[[0m[0mdebug[0m] [0m[0mClause(Atom(sbt.plugins.IvyPlugin),Set(Atom(sbt.plugins.JvmPlugin)))[0m
[0m[[0m[0mdebug[0m] [0m[0mClause(Atom(sbt.plugins.JvmPlugin),Set(Atom(sbt.plugins.SemanticdbPlugin)))[0m
[0m[[0m[0mdebug[0m] [0m[0mClause(Atom(sbt.plugins.JvmPlugin),Set(Atom(sbt.plugins.JUnitXmlReportPlugin)))[0m
[0m[[0m[0mdebug[0m] [0m[0mClause(Atom(sbt.plugins.CorePlugin),Set(Atom(sbt.plugins.Giter8TemplatePlugin)))[0m
[0m[[0m[0mdebug[0m] [0m[0mClause(Atom(sbt.plugins.JvmPlugin),Set(Atom(sbt.plugins.MiniDependencyTreePlugin))))[0m
[0m[[0m[0mdebug[0m] [0m[0m  :: deduced result: Matched(sbt.plugins.CorePlugin,sbt.plugins.Giter8TemplatePlugin,sbt.plugins.IvyPlugin,sbt.plugins.JvmPlugin,sbt.plugins.MiniDependencyTreePlugin,sbt.plugins.JUnitXmlReportPlugin,sbt.plugins.SemanticdbPlugin)[0m
[0m[[0m[0mdebug[0m] [0m[0mPlugins.deducer#function took 3.4865 ms[0m
[0m[[0m[0mdebug[0m] [0m[0m          Load.resolveProject(global-plugins) took 2.078959ms[0m
[0m[[0m[0mdebug[0m] [0m[0m        Load.loadTransitive: finalizeProject(Project(id global-plugins, base: /Users/tolgatuna/.sbt/1.0/plugins, plugins: List(<none>))) took 6.6145ms[0m
[0m[[0m[0mdebug[0m] [0m[0m[Loading] Done in /Users/tolgatuna/.sbt/1.0/plugins, returning: (global-plugins)[0m
[0m[[0m[0mdebug[0m] [0m[0m      Load.loadUnit: loadedProjectsRaw took 8.357833ms[0m
[0m[[0m[0mdebug[0m] [0m[0m      Load.loadUnit: cleanEvalClasses took 0.007708ms[0m
[0m[[0m[0mdebug[0m] [0m[0m    Load.loadUnit(file:/Users/tolgatuna/.sbt/1.0/plugins/, ...) took 32.583916ms[0m
[0m[[0m[0mdebug[0m] [0m[0m  Load.apply: load took 36.461459ms[0m
[0m[[0m[0mdebug[0m] [0m[0m  Load.apply: resolveProjects took 0.107792ms[0m
[0m[[0m[0mdebug[0m] [0m[0m  Load.apply: finalTransforms took 8.779292ms[0m
[0m[[0m[0mdebug[0m] [0m[0m  Load.apply: config.delegates took 1.438125ms[0m
[0m[[0m[0mdebug[0m] [0m[0m  Load.apply: Def.make(settings)... took 94.581125ms[0m
[0m[[0m[0mdebug[0m] [0m[0m  Load.apply: structureIndex took 15.883958ms[0m
[0m[[0m[0mdebug[0m] [0m[0m  Load.apply: mkStreams took 0.002625ms[0m
[0m[[0m[0minfo[0m] [0m[0mloading global plugins from /Users/tolgatuna/.sbt/1.0/plugins[0m
[0m[[0m[0mdebug[0m] [0m[0mRunning task... Cancel: Signal, check cycles: false, forcegc: true[0m
[0m[[0m[0mdebug[0m] [0m[0mLoad.defaultLoad until apply took 612.784625ms[0m
[0m[[0m[0mdebug[0m] [0m[0m          Load.loadUnit: plugins took 12.998667ms[0m
[0m[[0m[0mdebug[0m] [0m[0m          Load.loadUnit: defsScala took 0.002125ms[0m
[0m[[0m[0mdebug[0m] [0m[0m[Loading] Scanning directory /Users/tolgatuna/IdeaProjects/udemy-akka-essentials/project[0m
[0m[[0m[0mdebug[0m] [0m[0m            Load.loadUnit: mkEval took 0.392875ms[0m
[0m[[0m[0mdebug[0m] [0m[0m[Loading] Found non-root projects [0m
[0m[[0m[0mdebug[0m] [0m[0m[Loading] Done in /Users/tolgatuna/IdeaProjects/udemy-akka-essentials/project, returning: ()[0m
[0m[[0m[0mdebug[0m] [0m[0mdeducing auto plugins based on known facts Set(Atom(sbt.plugins.CorePlugin)) and clauses Clauses(Clause(Atom(sbt.plugins.JvmPlugin),Set(Atom(sbt.plugins.IvyPlugin)))[0m
[0m[[0m[0mdebug[0m] [0m[0mClause(Atom(sbt.ScriptedPlugin),Set(Atom(sbt.plugins.JvmPlugin)))[0m
[0m[[0m[0mdebug[0m] [0m[0mClause(Atom(sbt.plugins.SbtPlugin),Set(Atom(sbt.ScriptedPlugin)))[0m
[0m[[0m[0mdebug[0m] [0m[0mClause(Atom(sbt.plugins.SemanticdbPlugin),Set(Atom(sbt.plugins.JvmPlugin)))[0m
[0m[[0m[0mdebug[0m] [0m[0mClause(Atom(sbt.plugins.JUnitXmlReportPlugin),Set(Atom(sbt.plugins.JvmPlugin)))[0m
[0m[[0m[0mdebug[0m] [0m[0mClause(Atom(sbt.plugins.MiniDependencyTreePlugin),Set(Atom(sbt.plugins.JvmPlugin)))[0m
[0m[[0m[0mdebug[0m] [0m[0mClause(Atom(sbt.plugins.CorePlugin),Set(Atom(sbt.plugins.IvyPlugin)))[0m
[0m[[0m[0mdebug[0m] [0m[0mClause(Atom(sbt.plugins.IvyPlugin),Set(Atom(sbt.plugins.JvmPlugin)))[0m
[0m[[0m[0mdebug[0m] [0m[0mClause(Atom(sbt.plugins.JvmPlugin),Set(Atom(sbt.plugins.SemanticdbPlugin)))[0m
[0m[[0m[0mdebug[0m] [0m[0mClause(Atom(sbt.plugins.JvmPlugin),Set(Atom(sbt.plugins.JUnitXmlReportPlugin)))[0m
[0m[[0m[0mdebug[0m] [0m[0mClause(Atom(sbt.plugins.CorePlugin),Set(Atom(sbt.plugins.Giter8TemplatePlugin)))[0m
[0m[[0m[0mdebug[0m] [0m[0mClause(Atom(sbt.plugins.JvmPlugin),Set(Atom(sbt.plugins.MiniDependencyTreePlugin))))[0m
[0m[[0m[0mdebug[0m] [0m[0m  :: deduced result: Matched(sbt.plugins.CorePlugin,sbt.plugins.Giter8TemplatePlugin,sbt.plugins.IvyPlugin,sbt.plugins.JvmPlugin,sbt.plugins.MiniDependencyTreePlugin,sbt.plugins.JUnitXmlReportPlugin,sbt.plugins.SemanticdbPlugin)[0m
[0m[[0m[0mdebug[0m] [0m[0mPlugins.deducer#function took 2.515834 ms[0m
[0m[[0m[0minfo[0m] [0m[0mloading settings for project udemy-akka-essentials-build from idea.sbt ...[0m
[0m[[0m[0mdebug[0m] [0m[0m              Load.resolveProject(udemy-akka-essentials-build) took 3.628084ms[0m
[0m[[0m[0mdebug[0m] [0m[0m            Load.loadTransitive: finalizeProject(Project(id udemy-akka-essentials-build, base: /Users/tolgatuna/IdeaProjects/udemy-akka-essentials/project, plugins: List(<none>))) took 6.871167ms[0m
[0m[[0m[0mdebug[0m] [0m[0m[Loading] Done in /Users/tolgatuna/IdeaProjects/udemy-akka-essentials/project, returning: (udemy-akka-essentials-build)[0m
[0m[[0m[0mdebug[0m] [0m[0m          Load.loadUnit: loadedProjectsRaw took 51.124042ms[0m
[0m[[0m[0mdebug[0m] [0m[0m          Load.loadUnit: cleanEvalClasses took 2.358125ms[0m
[0m[[0m[0mdebug[0m] [0m[0m        Load.loadUnit(file:/Users/tolgatuna/IdeaProjects/udemy-akka-essentials/project/, ...) took 68.343875ms[0m
[0m[[0m[0mdebug[0m] [0m[0m      Load.apply: load took 71.342625ms[0m
[0m[[0m[0mdebug[0m] [0m[0m      Load.apply: resolveProjects took 0.088792ms[0m
[0m[[0m[0mdebug[0m] [0m[0m      Load.apply: finalTransforms took 7.88725ms[0m
[0m[[0m[0mdebug[0m] [0m[0m      Load.apply: config.delegates took 0.338833ms[0m
[0m[[0m[0mdebug[0m] [0m[0m      Load.apply: Def.make(settings)... took 101.877292ms[0m
[0m[[0m[0mdebug[0m] [0m[0m      Load.apply: structureIndex took 15.779708ms[0m
[0m[[0m[0mdebug[0m] [0m[0m      Load.apply: mkStreams took 0.0025ms[0m
[0m[[0m[0minfo[0m] [0m[0mloading project definition from /Users/tolgatuna/IdeaProjects/udemy-akka-essentials/project[0m
[0m[[0m[0mdebug[0m] [0m[0mRunning task... Cancel: Signal, check cycles: false, forcegc: true[0m
[0m[[0m[0mdebug[0m] [0m[0m    Load.loadUnit: plugins took 537.344666ms[0m
[0m[[0m[0mdebug[0m] [0m[0m    Load.loadUnit: defsScala took 0.002458ms[0m
[0m[[0m[0mdebug[0m] [0m[0m[Loading] Scanning directory /Users/tolgatuna/IdeaProjects/udemy-akka-essentials[0m
[0m[[0m[0mdebug[0m] [0m[0m      Load.loadUnit: mkEval took 0.420875ms[0m
[0m[[0m[0mdebug[0m] [0m[0m[Loading] Found root project root w/ remaining [0m
[0m[[0m[0mdebug[0m] [0m[0mdeducing auto plugins based on known facts Set(Atom(sbt.plugins.CorePlugin)) and clauses Clauses(Clause(Atom(sbt.plugins.JvmPlugin),Set(Atom(sbt.plugins.IvyPlugin)))[0m
[0m[[0m[0mdebug[0m] [0m[0mClause(Atom(sbt.ScriptedPlugin),Set(Atom(sbt.plugins.JvmPlugin)))[0m
[0m[[0m[0mdebug[0m] [0m[0mClause(Atom(sbt.plugins.SbtPlugin),Set(Atom(sbt.ScriptedPlugin)))[0m
[0m[[0m[0mdebug[0m] [0m[0mClause(Atom(sbt.plugins.SemanticdbPlugin),Set(Atom(sbt.plugins.JvmPlugin)))[0m
[0m[[0m[0mdebug[0m] [0m[0mClause(Atom(sbt.plugins.JUnitXmlReportPlugin),Set(Atom(sbt.plugins.JvmPlugin)))[0m
[0m[[0m[0mdebug[0m] [0m[0mClause(Atom(sbt.plugins.MiniDependencyTreePlugin),Set(Atom(sbt.plugins.JvmPlugin)))[0m
[0m[[0m[0mdebug[0m] [0m[0mClause(Atom(org.jetbrains.sbt.StructurePlugin),Set(Atom(sbt.plugins.JvmPlugin)))[0m
[0m[[0m[0mdebug[0m] [0m[0mClause(Atom(org.jetbrains.sbt.IdeaShellPlugin),Set(Atom(sbt.plugins.JvmPlugin)))[0m
[0m[[0m[0mdebug[0m] [0m[0mClause(Atom(org.jetbrains.sbt.indices.SbtIntellijIndicesPlugin),Set(Atom(sbt.plugins.JvmPlugin)))[0m
[0m[[0m[0mdebug[0m] [0m[0mClause(Atom(sbt.plugins.CorePlugin),Set(Atom(sbt.plugins.IvyPlugin)))[0m
[0m[[0m[0mdebug[0m] [0m[0mClause(Atom(sbt.plugins.IvyPlugin),Set(Atom(sbt.plugins.JvmPlugin)))[0m
[0m[[0m[0mdebug[0m] [0m[0mClause(Atom(sbt.plugins.JvmPlugin),Set(Atom(sbt.plugins.SemanticdbPlugin)))[0m
[0m[[0m[0mdebug[0m] [0m[0mClause(Atom(sbt.plugins.JvmPlugin),Set(Atom(sbt.plugins.JUnitXmlReportPlugin)))[0m
[0m[[0m[0mdebug[0m] [0m[0mClause(Atom(sbt.plugins.CorePlugin),Set(Atom(sbt.plugins.Giter8TemplatePlugin)))[0m
[0m[[0m[0mdebug[0m] [0m[0mClause(Atom(sbt.plugins.JvmPlugin),Set(Atom(sbt.plugins.MiniDependencyTreePlugin)))[0m
[0m[[0m[0mdebug[0m] [0m[0mClause(Atom(sbt.plugins.JvmPlugin),Set(Atom(org.jetbrains.sbt.StructurePlugin)))[0m
[0m[[0m[0mdebug[0m] [0m[0mClause(Atom(sbt.plugins.JvmPlugin),Set(Atom(org.jetbrains.sbt.IdeaShellPlugin)))[0m
[0m[[0m[0mdebug[0m] [0m[0mClause(And(Set(Atom(sbt.plugins.CorePlugin), Atom(sbt.plugins.JvmPlugin))),Set(Atom(org.jetbrains.sbt.indices.SbtIntellijIndicesPlugin))))[0m
[0m[[0m[0mdebug[0m] [0m[0m  :: deduced result: Matched(sbt.plugins.CorePlugin,sbt.plugins.Giter8TemplatePlugin,sbt.plugins.IvyPlugin,sbt.plugins.JvmPlugin,sbt.plugins.SemanticdbPlugin,org.jetbrains.sbt.indices.SbtIntellijIndicesPlugin,sbt.plugins.JUnitXmlReportPlugin,org.jetbrains.sbt.IdeaShellPlugin,org.jetbrains.sbt.StructurePlugin,sbt.plugins.MiniDependencyTreePlugin)[0m
[0m[[0m[0mdebug[0m] [0m[0mPlugins.deducer#function took 2.107917 ms[0m
[0m[[0m[0minfo[0m] [0m[0mloading settings for project root from build.sbt ...[0m
[0m[[0m[0mdebug[0m] [0m[0m        Load.resolveProject(root) took 19.539833ms[0m
[0m[[0m[0mdebug[0m] [0m[0m      Load.loadTransitive: finalizeProject(Project(id root, base: /Users/tolgatuna/IdeaProjects/udemy-akka-essentials, plugins: List(<none>))) took 22.357459ms[0m
[0m[[0m[0mdebug[0m] [0m[0m[Loading] Done in /Users/tolgatuna/IdeaProjects/udemy-akka-essentials, returning: (root)[0m
[0m[[0m[0mdebug[0m] [0m[0m    Load.loadUnit: loadedProjectsRaw took 87.359125ms[0m
[0m[[0m[0mdebug[0m] [0m[0m    Load.loadUnit: cleanEvalClasses took 1.448667ms[0m
[0m[[0m[0mdebug[0m] [0m[0m  Load.loadUnit(file:/Users/tolgatuna/IdeaProjects/udemy-akka-essentials/, ...) took 626.667375ms[0m
[0m[[0m[0mdebug[0m] [0m[0mLoad.apply: load took 629.015083ms[0m
[0m[[0m[0mdebug[0m] [0m[0mLoad.apply: resolveProjects took 0.205667ms[0m
[0m[[0m[0mdebug[0m] [0m[0mLoad.apply: finalTransforms took 12.945375ms[0m
[0m[[0m[0mdebug[0m] [0m[0mLoad.apply: config.delegates took 1.098041ms[0m
[0m[[0m[0mdebug[0m] [0m[0mLoad.apply: Def.make(settings)... took 135.340042ms[0m
[0m[[0m[0mdebug[0m] [0m[0mLoad.apply: structureIndex took 23.435833ms[0m
[0m[[0m[0mdebug[0m] [0m[0mLoad.apply: mkStreams took 0.002083ms[0m
[0m[[0m[33mwarn[0m] [0m[0mDiscarding 1 session setting.  Use 'session save' to persist session settings.[0m
[0m[[0m[0minfo[0m] [0m[0mset current project to udemy-akka-essentials (in build file:/Users/tolgatuna/IdeaProjects/udemy-akka-essentials/)[0m
[0m[[0m[0mdebug[0m] [0m[0m> Exec(sbtPopOnFailure, None, None)[0m
[0m[[0m[0mdebug[0m] [0m[0m> Exec(resumeFromFailure, None, None)[0m
[0m[[0m[0mdebug[0m] [0m[0m> Exec(set _root_.org.jetbrains.sbt.StructureKeys.sbtStructureOptions in Global := "download resolveClassifiers", None, None)[0m
[0m[[0m[0minfo[0m] [0m[0mDefining Global / sbtStructureOptions[0m
[0m[[0m[0minfo[0m] [0m[0mThe new value will be used by Global / ssOptions[0m
[0m[[0m[0mdebug[0m] [0m[0mDefining [0m
[0m[[0m[0mdebug[0m] [0m[0m	Global / sbtStructureOptions[0m
[0m[[0m[0mdebug[0m] [0m[0m[0m
[0m[[0m[0mdebug[0m] [0m[0mThe new value will be used by [0m
[0m[[0m[0mdebug[0m] [0m[0m	Global / ssOptions[0m
[0m[[0m[0minfo[0m] [0m[0mReapplying settings...[0m
[0m[[0m[0minfo[0m] [0m[0mset current project to udemy-akka-essentials (in build file:/Users/tolgatuna/IdeaProjects/udemy-akka-essentials/)[0m
[0m[[0m[0mdebug[0m] [0m[0m> Exec(preferScala2, None, None)[0m
[0m[[0m[0mdebug[0m] [0m[0m> Exec(*/*:dumpStructureTo /private/var/folders/s_/vl0kcxt15bgb9vp1znq2l3xm0000gn/T/sbt-structure.xml, None, None)[0m
[0m[[0m[0mdebug[0m] [0m[0mEvaluating tasks: Global / dumpStructureTo[0m
[0m[[0m[33mwarn[0m] [0m[0msbt 0.13 shell syntax is deprecated; use slash syntax instead: Global / dumpStructureTo[0m
[0m[[0m[0mdebug[0m] [0m[0mRunning task... Cancel: Signal, check cycles: false, forcegc: true[0m
[0m[[0m[33mwarn[0m] [0m[0m[0m
[0m[[0m[33mwarn[0m] [0m[0m	Note: Unresolved dependencies path:[0m
[0m[[0m[31merror[0m] [0m[0msbt.librarymanagement.ResolveException: Error downloading com.typesafe.akka:akka-actor_2.13:2.5.13[0m
[0m[[0m[31merror[0m] [0m[0m  Not found[0m
[0m[[0m[31merror[0m] [0m[0m  Not found[0m
[0m[[0m[31merror[0m] [0m[0m  not found: /Users/tolgatuna/.ivy2/localcom.typesafe.akka/akka-actor_2.13/2.5.13/ivys/ivy.xml[0m
[0m[[0m[31merror[0m] [0m[0m  not found: https://repo1.maven.org/maven2/com/typesafe/akka/akka-actor_2.13/2.5.13/akka-actor_2.13-2.5.13.pom[0m
[0m[[0m[31merror[0m] [0m[0mError downloading com.typesafe.akka:akka-testkit_2.13:2.5.13[0m
[0m[[0m[31merror[0m] [0m[0m  Not found[0m
[0m[[0m[31merror[0m] [0m[0m  Not found[0m
[0m[[0m[31merror[0m] [0m[0m  not found: /Users/tolgatuna/.ivy2/localcom.typesafe.akka/akka-testkit_2.13/2.5.13/ivys/ivy.xml[0m
[0m[[0m[31merror[0m] [0m[0m  not found: https://repo1.maven.org/maven2/com/typesafe/akka/akka-testkit_2.13/2.5.13/akka-testkit_2.13-2.5.13.pom[0m
[0m[[0m[31merror[0m] [0m[0m	at lmcoursier.CoursierDependencyResolution.unresolvedWarningOrThrow(CoursierDependencyResolution.scala:344)[0m
[0m[[0m[31merror[0m] [0m[0m	at lmcoursier.CoursierDependencyResolution.$anonfun$update$38(CoursierDependencyResolution.scala:313)[0m
[0m[[0m[31merror[0m] [0m[0m	at scala.util.Either$LeftProjection.map(Either.scala:573)[0m
[0m[[0m[31merror[0m] [0m[0m	at lmcoursier.CoursierDependencyResolution.update(CoursierDependencyResolution.scala:313)[0m
[0m[[0m[31merror[0m] [0m[0m	at sbt.librarymanagement.DependencyResolution.update(DependencyResolution.scala:60)[0m
[0m[[0m[31merror[0m] [0m[0m	at sbt.internal.LibraryManagement$.resolve$1(LibraryManagement.scala:59)[0m
[0m[[0m[31merror[0m] [0m[0m	at sbt.internal.LibraryManagement$.$anonfun$cachedUpdate$12(LibraryManagement.scala:133)[0m
[0m[[0m[31merror[0m] [0m[0m	at sbt.util.Tracked$.$anonfun$lastOutput$1(Tracked.scala:73)[0m
[0m[[0m[31merror[0m] [0m[0m	at sbt.internal.LibraryManagement$.$anonfun$cachedUpdate$20(LibraryManagement.scala:146)[0m
[0m[[0m[31merror[0m] [0m[0m	at scala.util.control.Exception$Catch.apply(Exception.scala:228)[0m
[0m[[0m[31merror[0m] [0m[0m	at sbt.internal.LibraryManagement$.$anonfun$cachedUpdate$11(LibraryManagement.scala:146)[0m
[0m[[0m[31merror[0m] [0m[0m	at sbt.internal.LibraryManagement$.$anonfun$cachedUpdate$11$adapted(LibraryManagement.scala:127)[0m
[0m[[0m[31merror[0m] [0m[0m	at sbt.util.Tracked$.$anonfun$inputChangedW$1(Tracked.scala:219)[0m
[0m[[0m[31merror[0m] [0m[0m	at sbt.internal.LibraryManagement$.cachedUpdate(LibraryManagement.scala:160)[0m
[0m[[0m[31merror[0m] [0m[0m	at sbt.Classpaths$.$anonfun$updateTask0$1(Defaults.scala:3687)[0m
[0m[[0m[31merror[0m] [0m[0m	at scala.Function1.$anonfun$compose$1(Function1.scala:49)[0m
[0m[[0m[31merror[0m] [0m[0m	at sbt.internal.util.$tilde$greater.$anonfun$$u2219$1(TypeFunctions.scala:62)[0m
[0m[[0m[31merror[0m] [0m[0m	at sbt.std.Transform$$anon$4.work(Transform.scala:68)[0m
[0m[[0m[31merror[0m] [0m[0m	at sbt.Execute.$anonfun$submit$2(Execute.scala:282)[0m
[0m[[0m[31merror[0m] [0m[0m	at sbt.internal.util.ErrorHandling$.wideConvert(ErrorHandling.scala:23)[0m
[0m[[0m[31merror[0m] [0m[0m	at sbt.Execute.work(Execute.scala:291)[0m
[0m[[0m[31merror[0m] [0m[0m	at sbt.Execute.$anonfun$submit$1(Execute.scala:282)[0m
[0m[[0m[31merror[0m] [0m[0m	at sbt.ConcurrentRestrictions$$anon$4.$anonfun$submitValid$1(ConcurrentRestrictions.scala:265)[0m
[0m[[0m[31merror[0m] [0m[0m	at sbt.CompletionService$$anon$2.call(CompletionService.scala:64)[0m
[0m[[0m[31merror[0m] [0m[0m	at java.base/java.util.concurrent.FutureTask.run(FutureTask.java:264)[0m
[0m[[0m[31merror[0m] [0m[0m	at java.base/java.util.concurrent.Executors$RunnableAdapter.call(Executors.java:515)[0m
[0m[[0m[31merror[0m] [0m[0m	at java.base/java.util.concurrent.FutureTask.run(FutureTask.java:264)[0m
[0m[[0m[31merror[0m] [0m[0m	at java.base/java.util.concurrent.ThreadPoolExecutor.runWorker(ThreadPoolExecutor.java:1128)[0m
[0m[[0m[31merror[0m] [0m[0m	at java.base/java.util.concurrent.ThreadPoolExecutor$Worker.run(ThreadPoolExecutor.java:628)[0m
[0m[[0m[31merror[0m] [0m[0m	at java.base/java.lang.Thread.run(Thread.java:829)[0m
[0m[[0m[31merror[0m] [0m[0msbt.librarymanagement.ResolveException: Error downloading com.typesafe.akka:akka-actor_2.13:2.5.13[0m
[0m[[0m[31merror[0m] [0m[0m  Not found[0m
[0m[[0m[31merror[0m] [0m[0m  Not found[0m
[0m[[0m[31merror[0m] [0m[0m  not found: /Users/tolgatuna/.ivy2/localcom.typesafe.akka/akka-actor_2.13/2.5.13/ivys/ivy.xml[0m
[0m[[0m[31merror[0m] [0m[0m  not found: https://repo1.maven.org/maven2/com/typesafe/akka/akka-actor_2.13/2.5.13/akka-actor_2.13-2.5.13.pom[0m
[0m[[0m[31merror[0m] [0m[0mError downloading com.typesafe.akka:akka-testkit_2.13:2.5.13[0m
[0m[[0m[31merror[0m] [0m[0m  Not found[0m
[0m[[0m[31merror[0m] [0m[0m  Not found[0m
[0m[[0m[31merror[0m] [0m[0m  not found: /Users/tolgatuna/.ivy2/localcom.typesafe.akka/akka-testkit_2.13/2.5.13/ivys/ivy.xml[0m
[0m[[0m[31merror[0m] [0m[0m  not found: https://repo1.maven.org/maven2/com/typesafe/akka/akka-testkit_2.13/2.5.13/akka-testkit_2.13-2.5.13.pom[0m
[0m[[0m[31merror[0m] [0m[0m	at lmcoursier.CoursierDependencyResolution.unresolvedWarningOrThrow(CoursierDependencyResolution.scala:344)[0m
[0m[[0m[31merror[0m] [0m[0m	at lmcoursier.CoursierDependencyResolution.$anonfun$update$38(CoursierDependencyResolution.scala:313)[0m
[0m[[0m[31merror[0m] [0m[0m	at scala.util.Either$LeftProjection.map(Either.scala:573)[0m
[0m[[0m[31merror[0m] [0m[0m	at lmcoursier.CoursierDependencyResolution.update(CoursierDependencyResolution.scala:313)[0m
[0m[[0m[31merror[0m] [0m[0m	at sbt.librarymanagement.DependencyResolution.update(DependencyResolution.scala:60)[0m
[0m[[0m[31merror[0m] [0m[0m	at sbt.internal.LibraryManagement$.resolve$1(LibraryManagement.scala:59)[0m
[0m[[0m[31merror[0m] [0m[0m	at sbt.internal.LibraryManagement$.$anonfun$cachedUpdate$12(LibraryManagement.scala:133)[0m
[0m[[0m[31merror[0m] [0m[0m	at sbt.util.Tracked$.$anonfun$lastOutput$1(Tracked.scala:73)[0m
[0m[[0m[31merror[0m] [0m[0m	at sbt.internal.LibraryManagement$.$anonfun$cachedUpdate$20(LibraryManagement.scala:146)[0m
[0m[[0m[31merror[0m] [0m[0m	at scala.util.control.Exception$Catch.apply(Exception.scala:228)[0m
[0m[[0m[31merror[0m] [0m[0m	at sbt.internal.LibraryManagement$.$anonfun$cachedUpdate$11(LibraryManagement.scala:146)[0m
[0m[[0m[31merror[0m] [0m[0m	at sbt.internal.LibraryManagement$.$anonfun$cachedUpdate$11$adapted(LibraryManagement.scala:127)[0m
[0m[[0m[31merror[0m] [0m[0m	at sbt.util.Tracked$.$anonfun$inputChangedW$1(Tracked.scala:219)[0m
[0m[[0m[31merror[0m] [0m[0m	at sbt.internal.LibraryManagement$.cachedUpdate(LibraryManagement.scala:160)[0m
[0m[[0m[31merror[0m] [0m[0m	at sbt.Classpaths$.$anonfun$updateTask0$1(Defaults.scala:3687)[0m
[0m[[0m[31merror[0m] [0m[0m	at scala.Function1.$anonfun$compose$1(Function1.scala:49)[0m
[0m[[0m[31merror[0m] [0m[0m	at sbt.internal.util.$tilde$greater.$anonfun$$u2219$1(TypeFunctions.scala:62)[0m
[0m[[0m[31merror[0m] [0m[0m	at sbt.std.Transform$$anon$4.work(Transform.scala:68)[0m
[0m[[0m[31merror[0m] [0m[0m	at sbt.Execute.$anonfun$submit$2(Execute.scala:282)[0m
[0m[[0m[31merror[0m] [0m[0m	at sbt.internal.util.ErrorHandling$.wideConvert(ErrorHandling.scala:23)[0m
[0m[[0m[31merror[0m] [0m[0m	at sbt.Execute.work(Execute.scala:291)[0m
[0m[[0m[31merror[0m] [0m[0m	at sbt.Execute.$anonfun$submit$1(Execute.scala:282)[0m
[0m[[0m[31merror[0m] [0m[0m	at sbt.ConcurrentRestrictions$$anon$4.$anonfun$submitValid$1(ConcurrentRestrictions.scala:265)[0m
[0m[[0m[31merror[0m] [0m[0m	at sbt.CompletionService$$anon$2.call(CompletionService.scala:64)[0m
[0m[[0m[31merror[0m] [0m[0m	at java.base/java.util.concurrent.FutureTask.run(FutureTask.java:264)[0m
[0m[[0m[31merror[0m] [0m[0m	at java.base/java.util.concurrent.Executors$RunnableAdapter.call(Executors.java:515)[0m
[0m[[0m[31merror[0m] [0m[0m	at java.base/java.util.concurrent.FutureTask.run(FutureTask.java:264)[0m
[0m[[0m[31merror[0m] [0m[0m	at java.base/java.util.concurrent.ThreadPoolExecutor.runWorker(ThreadPoolExecutor.java:1128)[0m
[0m[[0m[31merror[0m] [0m[0m	at java.base/java.util.concurrent.ThreadPoolExecutor$Worker.run(ThreadPoolExecutor.java:628)[0m
[0m[[0m[31merror[0m] [0m[0m	at java.base/java.lang.Thread.run(Thread.java:829)[0m
[0m[[0m[31merror[0m] [0m[0m([31mupdate[0m) sbt.librarymanagement.ResolveException: Error downloading com.typesafe.akka:akka-actor_2.13:2.5.13[0m
[0m[[0m[31merror[0m] [0m[0m  Not found[0m
[0m[[0m[31merror[0m] [0m[0m  Not found[0m
[0m[[0m[31merror[0m] [0m[0m  not found: /Users/tolgatuna/.ivy2/localcom.typesafe.akka/akka-actor_2.13/2.5.13/ivys/ivy.xml[0m
[0m[[0m[31merror[0m] [0m[0m  not found: https://repo1.maven.org/maven2/com/typesafe/akka/akka-actor_2.13/2.5.13/akka-actor_2.13-2.5.13.pom[0m
[0m[[0m[31merror[0m] [0m[0mError downloading com.typesafe.akka:akka-testkit_2.13:2.5.13[0m
[0m[[0m[31merror[0m] [0m[0m  Not found[0m
[0m[[0m[31merror[0m] [0m[0m  Not found[0m
[0m[[0m[31merror[0m] [0m[0m  not found: /Users/tolgatuna/.ivy2/localcom.typesafe.akka/akka-testkit_2.13/2.5.13/ivys/ivy.xml[0m
[0m[[0m[31merror[0m] [0m[0m  not found: https://repo1.maven.org/maven2/com/typesafe/akka/akka-testkit_2.13/2.5.13/akka-testkit_2.13-2.5.13.pom[0m
[0m[[0m[31merror[0m] [0m[0m([31mssExtractDependencies[0m) sbt.librarymanagement.ResolveException: Error downloading com.typesafe.akka:akka-actor_2.13:2.5.13[0m
[0m[[0m[31merror[0m] [0m[0m  Not found[0m
[0m[[0m[31merror[0m] [0m[0m  Not found[0m
[0m[[0m[31merror[0m] [0m[0m  not found: /Users/tolgatuna/.ivy2/localcom.typesafe.akka/akka-actor_2.13/2.5.13/ivys/ivy.xml[0m
[0m[[0m[31merror[0m] [0m[0m  not found: https://repo1.maven.org/maven2/com/typesafe/akka/akka-actor_2.13/2.5.13/akka-actor_2.13-2.5.13.pom[0m
[0m[[0m[31merror[0m] [0m[0mError downloading com.typesafe.akka:akka-testkit_2.13:2.5.13[0m
[0m[[0m[31merror[0m] [0m[0m  Not found[0m
[0m[[0m[31merror[0m] [0m[0m  Not found[0m
[0m[[0m[31merror[0m] [0m[0m  not found: /Users/tolgatuna/.ivy2/localcom.typesafe.akka/akka-testkit_2.13/2.5.13/ivys/ivy.xml[0m
[0m[[0m[31merror[0m] [0m[0m  not found: https://repo1.maven.org/maven2/com/typesafe/akka/akka-testkit_2.13/2.5.13/akka-testkit_2.13-2.5.13.pom[0m
[0m[[0m[31merror[0m] [0m[0mTotal time: 2 s, completed 29 Jan 2023, 23:17:38[0m
[0m[[0m[0mdebug[0m] [0m[0m> Exec(idea-shell, None, None)[0m
